<?xml version="1.0" encoding="UTF-8"?>
<!-- Generated by org.testng.reporters.JUnitReportReporter -->
<testsuite hostname="DESKTOP-4UL57U2" failures="0" tests="1" name="Cars.Ferrari" time="33.631" errors="0" timestamp="2025-06-11T20:14:26 IST" skipped="0">
  <testcase classname="Cars.Ferrari" name="lanunch" time="33.631">
    <system-out>
      <![CDATA[FerrariCar lanuched]]>
    </system-out>
  </testcase> <!-- lanunch -->
  <system-out>
    <![CDATA[FerrariCar lanuched
AudiCar lanuched]]>
  </system-out>
</testsuite> <!-- Cars.Ferrari -->
