<?xml version="1.0" encoding="UTF-8"?>
<!-- Generated by org.testng.reporters.JUnitReportReporter -->
<testsuite hostname="DESKTOP-4UL57U2" failures="0" tests="3" name="Testng.AnnotationEnabled" time="62.464" errors="0" timestamp="2025-06-09T13:23:35 IST" skipped="1">
  <testcase classname="Testng.AnnotationEnabled" name="register" time="26.729">
    <system-out>
      <![CDATA[Registered successfully]]>
    </system-out>
  </testcase> <!-- register -->
  <testcase classname="Testng.AnnotationEnabled" name="register" time="35.735">
    <system-out>
      <![CDATA[Registered successfully]]>
    </system-out>
  </testcase> <!-- register -->
  <testcase classname="Testng.AnnotationEnabled" name="login">
    <skipped/>
  </testcase> <!-- login -->
  <system-out>
    <![CDATA[Registered successfully
Registered successfully]]>
  </system-out>
</testsuite> <!-- Testng.AnnotationEnabled -->
