<?xml version="1.0" encoding="UTF-8"?>
<!-- Generated by org.testng.reporters.JUnitReportReporter -->
<testsuite hostname="DESKTOP-4UL57U2" failures="0" tests="1" name="Cars.Lamborghini" time="94.648" errors="0" timestamp="2025-06-11T20:05:00 IST" skipped="0">
  <testcase classname="Cars.Lamborghini" name="lanunch" time="94.648">
    <system-out>
      <![CDATA[LamborghiniCar lanuched]]>
    </system-out>
  </testcase> <!-- lanunch -->
  <system-out>
    <![CDATA[BMWCar lanuched
LamborghiniCar lanuched
AudiCar lanuched
FerrariCar lanuched]]>
  </system-out>
</testsuite> <!-- Cars.Lamborghini -->
