<?xml version="1.0" encoding="UTF-8"?>
<!-- Generated by org.testng.reporters.JUnitReportReporter -->
<testsuite hostname="DESKTOP-4UL57U2" failures="0" tests="1" name="Testng.Yamaha" time="76.928" errors="0" timestamp="2025-06-11T13:33:01 IST" skipped="0">
  <testcase classname="Testng.Yamaha" name="lanunch" time="76.928">
    <system-out>
      <![CDATA[Yamaha lanuched]]>
    </system-out>
  </testcase> <!-- lanunch -->
  <system-out>
    <![CDATA[Yamaha lanuched
Ducati lanuched
kawasaki lanuched]]>
  </system-out>
</testsuite> <!-- Testng.Yamaha -->
