<?xml version="1.0" encoding="UTF-8"?>
<!-- Generated by org.testng.reporters.JUnitReportReporter -->
<testsuite hostname="DESKTOP-4UL57U2" failures="0" tests="2" name="Testng.ToLearnTestNG" time="0.043" errors="0" timestamp="2025-06-06T13:50:33 IST" skipped="0">
  <testcase classname="Testng.ToLearnTestNG" name="demo" time="0.038">
    <system-out>
      <![CDATA[come on lets dance together snakedance]]>
    </system-out>
  </testcase> <!-- demo -->
  <testcase classname="Testng.ToLearnTestNG" name="sample" time="0.005">
    <system-out>
      <![CDATA[sample test case executed]]>
    </system-out>
  </testcase> <!-- sample -->
  <system-out>
    <![CDATA[come on lets dance together snakedance
sample test case executed]]>
  </system-out>
</testsuite> <!-- Testng.ToLearnTestNG -->
