<?xml version="1.0" encoding="UTF-8"?>
<!-- Generated by org.testng.reporters.JUnitReportReporter -->
<testsuite hostname="DESKTOP-4UL57U2" failures="0" tests="3" name="Testng.AnnotationDependsOnMethods" time="64.956" errors="0" timestamp="2025-06-09T13:45:56 IST" skipped="0">
  <testcase classname="Testng.AnnotationDependsOnMethods" name="addtocart" time="17.948">
    <system-out>
      <![CDATA[addedtocart successfully]]>
    </system-out>
  </testcase> <!-- addtocart -->
  <testcase classname="Testng.AnnotationDependsOnMethods" name="register" time="27.911">
    <system-out>
      <![CDATA[Registered successfully]]>
    </system-out>
  </testcase> <!-- register -->
  <testcase classname="Testng.AnnotationDependsOnMethods" name="login" time="19.097">
    <system-out>
      <![CDATA[ logged in successfully]]>
    </system-out>
  </testcase> <!-- login -->
  <system-out>
    <![CDATA[Registered successfully
 logged in successfully
addedtocart successfully]]>
  </system-out>
</testsuite> <!-- Testng.AnnotationDependsOnMethods -->
