<?xml version="1.0" encoding="UTF-8"?>
<!-- Generated by org.testng.reporters.JUnitReportReporter -->
<testsuite hostname="DESKTOP-4UL57U2" failures="0" tests="1" name="Testng.Ducati" time="67.316" errors="0" timestamp="2025-06-11T13:33:02 IST" skipped="0">
  <testcase classname="Testng.Ducati" name="lanunch" time="67.316">
    <system-out>
      <![CDATA[Ducati lanuched]]>
    </system-out>
  </testcase> <!-- lanunch -->
  <system-out>
    <![CDATA[Yamaha lanuched
Ducati lanuched
kawasaki lanuched]]>
  </system-out>
</testsuite> <!-- Testng.Ducati -->
