<?xml version="1.0" encoding="UTF-8"?>
<!-- Generated by org.testng.reporters.JUnitReportReporter -->
<testsuite hostname="DESKTOP-4UL57U2" failures="0" tests="1" name="Assertion.ToLearnSoftAssert" time="49.582" errors="0" timestamp="2025-06-16T13:35:32 IST" skipped="0">
  <testcase classname="Assertion.ToLearnSoftAssert" name="Login" time="49.582"/>
</testsuite> <!-- Assertion.ToLearnSoftAssert -->
