<?xml version="1.0" encoding="UTF-8"?>
<!-- Generated by org.testng.reporters.JUnitReportReporter -->
<testsuite hostname="DESKTOP-4UL57U2" failures="0" tests="4" name="DataProvider.ToLearnDataProvider" time="102.011" errors="0" timestamp="2025-06-17T13:32:26 IST" skipped="0">
  <testcase classname="DataProvider.ToLearnDataProvider" name="Login" time="21.431"/>
  <testcase classname="DataProvider.ToLearnDataProvider" name="Login" time="38.036"/>
  <testcase classname="DataProvider.ToLearnDataProvider" name="Login" time="25.904"/>
  <testcase classname="DataProvider.ToLearnDataProvider" name="Login" time="16.640"/>
</testsuite> <!-- DataProvider.ToLearnDataProvider -->
