<?xml version="1.0" encoding="UTF-8"?>
<!-- Generated by org.testng.reporters.JUnitReportReporter -->
<testsuite hostname="DESKTOP-4UL57U2" failures="0" tests="3" name="Testng.Annotation2" time="80.008" errors="0" timestamp="2025-06-09T13:12:09 IST" skipped="0">
  <testcase classname="Testng.Annotation2" name="register" time="31.659">
    <system-out>
      <![CDATA[Registered successfully]]>
    </system-out>
  </testcase> <!-- register -->
  <testcase classname="Testng.Annotation2" name="register" time="31.723">
    <system-out>
      <![CDATA[Registered successfully]]>
    </system-out>
  </testcase> <!-- register -->
  <testcase classname="Testng.Annotation2" name="login" time="16.626">
    <system-out>
      <![CDATA[ logged in successfully]]>
    </system-out>
  </testcase> <!-- login -->
  <system-out>
    <![CDATA[Registered successfully
Registered successfully
 logged in successfully]]>
  </system-out>
</testsuite> <!-- Testng.Annotation2 -->
