<?xml version="1.0" encoding="UTF-8"?>
<!-- Generated by org.testng.reporters.JUnitReportReporter -->
<testsuite hostname="DESKTOP-4UL57U2" failures="0" tests="5" name="DataProvider.AssDemoWebShop" time="187.676" errors="0" timestamp="2025-06-18T12:45:51 IST" skipped="0">
  <testcase classname="DataProvider.AssDemoWebShop" name="Login" time="40.472"/>
  <testcase classname="DataProvider.AssDemoWebShop" name="Login" time="55.872"/>
  <testcase classname="DataProvider.AssDemoWebShop" name="Login" time="30.065"/>
  <testcase classname="DataProvider.AssDemoWebShop" name="Login" time="30.793"/>
  <testcase classname="DataProvider.AssDemoWebShop" name="Login" time="30.474"/>
</testsuite> <!-- DataProvider.AssDemoWebShop -->
