<?xml version="1.0" encoding="UTF-8"?>
<!-- Generated by org.testng.reporters.JUnitReportReporter -->
<testsuite hostname="DESKTOP-4UL57U2" failures="0" tests="1" name="Assertion.ToLearnHeardAssert" time="17.888" errors="0" timestamp="2025-06-16T13:28:40 IST" skipped="0">
  <testcase classname="Assertion.ToLearnHeardAssert" name="Login" time="17.888">
    <system-out>
      <![CDATA[Login Page is Displayed
Home Page is Displayed]]>
    </system-out>
  </testcase> <!-- Login -->
  <system-out>
    <![CDATA[Login Page is Displayed
Home Page is Displayed]]>
  </system-out>
</testsuite> <!-- Assertion.ToLearnHeardAssert -->
