<?xml version="1.0" encoding="UTF-8"?>
<!-- Generated by org.testng.reporters.JUnitReportReporter -->
<testsuite hostname="DESKTOP-4UL57U2" failures="0" tests="2" name="Testng.ConfigurationAnnotation" time="0.036" errors="0" timestamp="2025-06-12T13:47:45 IST" skipped="0">
  <testcase classname="Testng.ConfigurationAnnotation" name="demo" time="0.023">
    <system-out>
      <![CDATA[@Test(demo)execute]]>
    </system-out>
  </testcase> <!-- demo -->
  <testcase classname="Testng.ConfigurationAnnotation" name="sample" time="0.013">
    <system-out>
      <![CDATA[@Test(sample)execute]]>
    </system-out>
  </testcase> <!-- sample -->
  <system-out>
    <![CDATA[@BeforeSuite
@BeforeTest
@BeforeClass
@BeforeMethod
@Test(demo)execute
@AfterMethod
@BeforeMethod
@Test(sample)execute
@AfterMethod
@AfterClass
@AfterTest
@AfterSuite]]>
  </system-out>
</testsuite> <!-- Testng.ConfigurationAnnotation -->
