<?xml version="1.0" encoding="UTF-8"?>
<!-- Generated by org.testng.reporters.JUnitReportReporter -->
<testsuite hostname="DESKTOP-4UL57U2" failures="0" tests="2" name="Testng.AnnotationAttributes" time="31.175" errors="0" timestamp="2025-06-09T12:39:11 IST" skipped="0">
  <testcase classname="Testng.AnnotationAttributes" name="register" time="13.632">
    <system-out>
      <![CDATA[Registered successfully]]>
    </system-out>
  </testcase> <!-- register -->
  <testcase classname="Testng.AnnotationAttributes" name="login" time="17.543">
    <system-out>
      <![CDATA[ successfully]]>
    </system-out>
  </testcase> <!-- login -->
  <system-out>
    <![CDATA[Registered successfully
 successfully]]>
  </system-out>
</testsuite> <!-- Testng.AnnotationAttributes -->
